  [1m[35m (1627.2ms)[0m  [1m[35mCREATE DATABASE "backend_api_development" ENCODING = 'unicode'[0m
  [1m[35m (477.6ms)[0m  [1m[35mCREATE DATABASE "backend_api_test" ENCODING = 'unicode'[0m
  [1m[35m (109.2ms)[0m  [1m[35mCREATE TABLE "schema_migrations" ("version" character varying NOT NULL PRIMARY KEY)[0m
  [1m[35m (54.1ms)[0m  [1m[35mCREATE TABLE "ar_internal_metadata" ("key" character varying NOT NULL PRIMARY KEY, "value" character varying, "created_at" timestamp(6) NOT NULL, "updated_at" timestamp(6) NOT NULL)[0m
  [1m[35m (0.1ms)[0m  [1m[34mSELECT pg_try_advisory_lock(3046397844150113145)[0m
  [1m[35m (0.4ms)[0m  [1m[34mSELECT "schema_migrations"."version" FROM "schema_migrations" ORDER BY "schema_migrations"."version" ASC[0m
Migrating to CreateUsers (20210508193240)
  [1m[36mTRANSACTION (0.2ms)[0m  [1m[35mBEGIN[0m
  [1m[35m (44.9ms)[0m  [1m[35mCREATE TABLE "users" ("id" bigserial primary key, "email" character varying NOT NULL, "password_digest" character varying NOT NULL, "created_at" timestamp NOT NULL, "updated_at" timestamp NOT NULL)[0m
  [1m[36mActiveRecord::SchemaMigration Create (0.6ms)[0m  [1m[32mINSERT INTO "schema_migrations" ("version") VALUES ($1) RETURNING "version"[0m  [["version", "20210508193240"]]
  [1m[36mTRANSACTION (4.5ms)[0m  [1m[35mCOMMIT[0m
  [1m[36mActiveRecord::InternalMetadata Load (0.6ms)[0m  [1m[34mSELECT "ar_internal_metadata".* FROM "ar_internal_metadata" WHERE "ar_internal_metadata"."key" = $1 LIMIT $2[0m  [["key", "environment"], ["LIMIT", 1]]
  [1m[36mTRANSACTION (0.1ms)[0m  [1m[35mBEGIN[0m
  [1m[36mActiveRecord::InternalMetadata Create (0.5ms)[0m  [1m[32mINSERT INTO "ar_internal_metadata" ("key", "value", "created_at", "updated_at") VALUES ($1, $2, $3, $4) RETURNING "key"[0m  [["key", "environment"], ["value", "development"], ["created_at", "2021-05-08 19:35:44.643821"], ["updated_at", "2021-05-08 19:35:44.643821"]]
  [1m[36mTRANSACTION (5.0ms)[0m  [1m[35mCOMMIT[0m
  [1m[35m (0.7ms)[0m  [1m[34mSELECT pg_advisory_unlock(3046397844150113145)[0m
  [1m[35m (0.8ms)[0m  [1m[34mSELECT "schema_migrations"."version" FROM "schema_migrations" ORDER BY "schema_migrations"."version" ASC[0m
  [1m[35m (0.4ms)[0m  [1m[35mCREATE DATABASE "backend_api_development" ENCODING = 'unicode'[0m
  [1m[35m (0.4ms)[0m  [1m[35mCREATE DATABASE "backend_api_test" ENCODING = 'unicode'[0m
  [1m[35m (0.1ms)[0m  [1m[34mSELECT pg_try_advisory_lock(3046397844150113145)[0m
  [1m[35m (0.7ms)[0m  [1m[34mSELECT "schema_migrations"."version" FROM "schema_migrations" ORDER BY "schema_migrations"."version" ASC[0m
Migrating to CreateArtists (20210508193731)
  [1m[36mTRANSACTION (0.2ms)[0m  [1m[35mBEGIN[0m
  [1m[35m (57.4ms)[0m  [1m[35mCREATE TABLE "artists" ("id" bigserial primary key, "name" character varying, "created_at" timestamp(6) NOT NULL, "updated_at" timestamp(6) NOT NULL)[0m
  [1m[36mActiveRecord::SchemaMigration Create (0.5ms)[0m  [1m[32mINSERT INTO "schema_migrations" ("version") VALUES ($1) RETURNING "version"[0m  [["version", "20210508193731"]]
  [1m[36mTRANSACTION (10.5ms)[0m  [1m[35mCOMMIT[0m
Migrating to CreateRecords (20210508193824)
  [1m[36mTRANSACTION (0.2ms)[0m  [1m[35mBEGIN[0m
  [1m[35m (52.3ms)[0m  [1m[35mCREATE TABLE "records" ("id" bigserial primary key, "title" character varying, "year" character varying, "artist_id" bigint NOT NULL, "user_id" bigint NOT NULL, "created_at" timestamp(6) NOT NULL, "updated_at" timestamp(6) NOT NULL, CONSTRAINT "fk_rails_b545a25f04"
FOREIGN KEY ("artist_id")
  REFERENCES "artists" ("id")
, CONSTRAINT "fk_rails_9ba3ba9afc"
FOREIGN KEY ("user_id")
  REFERENCES "users" ("id")
)[0m
  [1m[35m (18.4ms)[0m  [1m[35mCREATE INDEX "index_records_on_artist_id" ON "records" ("artist_id")[0m
  [1m[35m (20.9ms)[0m  [1m[35mCREATE INDEX "index_records_on_user_id" ON "records" ("user_id")[0m
  [1m[36mActiveRecord::SchemaMigration Create (0.4ms)[0m  [1m[32mINSERT INTO "schema_migrations" ("version") VALUES ($1) RETURNING "version"[0m  [["version", "20210508193824"]]
  [1m[36mTRANSACTION (6.6ms)[0m  [1m[35mCOMMIT[0m
  [1m[36mActiveRecord::InternalMetadata Load (0.4ms)[0m  [1m[34mSELECT "ar_internal_metadata".* FROM "ar_internal_metadata" WHERE "ar_internal_metadata"."key" = $1 LIMIT $2[0m  [["key", "environment"], ["LIMIT", 1]]
  [1m[35m (0.4ms)[0m  [1m[34mSELECT pg_advisory_unlock(3046397844150113145)[0m
  [1m[35m (0.9ms)[0m  [1m[34mSELECT "schema_migrations"."version" FROM "schema_migrations" ORDER BY "schema_migrations"."version" ASC[0m
Started GET "/" for 127.0.0.1 at 2021-05-09 12:38:34 -0400
  [1m[35m (0.8ms)[0m  [1m[34mSELECT "schema_migrations"."version" FROM "schema_migrations" ORDER BY "schema_migrations"."version" ASC[0m
Processing by HomeController#index as HTML
Completed 500 Internal Server Error in 11ms (ActiveRecord: 0.0ms | Allocations: 4817)


  
NameError (uninitialized constant HomeController::Artists):
  
app/controllers/home_controller.rb:3:in `index'
Started GET "/favicon.ico" for 127.0.0.1 at 2021-05-09 12:38:34 -0400
  
ActionController::RoutingError (No route matches [GET] "/favicon.ico"):
  
Started GET "/" for 127.0.0.1 at 2021-05-09 12:42:53 -0400
Processing by HomeController#index as HTML
  [1m[36mArtist Load (0.6ms)[0m  [1m[34mSELECT "artists".* FROM "artists"[0m
  ↳ app/controllers/home_controller.rb:4:in `index'
Completed 200 OK in 10ms (Views: 2.5ms | ActiveRecord: 0.6ms | Allocations: 3276)


Started GET "/favicon.ico" for 127.0.0.1 at 2021-05-09 12:42:53 -0400
  
ActionController::RoutingError (No route matches [GET] "/favicon.ico"):
  
Started GET "/" for 127.0.0.1 at 2021-05-09 12:42:55 -0400
Processing by HomeController#index as HTML
  [1m[36mArtist Load (0.4ms)[0m  [1m[34mSELECT "artists".* FROM "artists"[0m
  ↳ app/controllers/home_controller.rb:4:in `index'
Completed 200 OK in 3ms (Views: 2.7ms | ActiveRecord: 0.4ms | Allocations: 623)


Started GET "/" for 127.0.0.1 at 2021-05-09 12:43:03 -0400
Processing by HomeController#index as HTML
  [1m[36mArtist Load (0.3ms)[0m  [1m[34mSELECT "artists".* FROM "artists"[0m
  ↳ app/controllers/home_controller.rb:4:in `index'
Completed 200 OK in 3ms (Views: 2.2ms | ActiveRecord: 0.3ms | Allocations: 619)


  [1m[36mTRANSACTION (0.2ms)[0m  [1m[35mBEGIN[0m
  [1m[36mArtist Create (1.0ms)[0m  [1m[32mINSERT INTO "artists" ("name", "created_at", "updated_at") VALUES ($1, $2, $3) RETURNING "id"[0m  [["name", "Cursing"], ["created_at", "2021-05-09 16:57:01.287071"], ["updated_at", "2021-05-09 16:57:01.287071"]]
  [1m[36mTRANSACTION (8.5ms)[0m  [1m[35mCOMMIT[0m
  [1m[36mTRANSACTION (0.3ms)[0m  [1m[35mBEGIN[0m
  [1m[36mArtist Create (0.7ms)[0m  [1m[32mINSERT INTO "artists" ("name", "created_at", "updated_at") VALUES ($1, $2, $3) RETURNING "id"[0m  [["name", "Eating Junk"], ["created_at", "2021-05-09 16:57:35.646981"], ["updated_at", "2021-05-09 16:57:35.646981"]]
  [1m[36mTRANSACTION (13.4ms)[0m  [1m[35mCOMMIT[0m
Started GET "/" for 127.0.0.1 at 2021-05-09 13:02:19 -0400
  [1m[35m (0.7ms)[0m  [1m[34mSELECT "schema_migrations"."version" FROM "schema_migrations" ORDER BY "schema_migrations"."version" ASC[0m
Processing by HomeController#index as HTML
  [1m[36mArtist Load (0.6ms)[0m  [1m[34mSELECT "artists".* FROM "artists"[0m
  ↳ app/controllers/home_controller.rb:4:in `index'
Completed 200 OK in 18ms (Views: 6.1ms | ActiveRecord: 3.1ms | Allocations: 7601)


Started GET "/" for 127.0.0.1 at 2021-05-09 14:38:32 -0400
  [1m[35m (0.8ms)[0m  [1m[34mSELECT "schema_migrations"."version" FROM "schema_migrations" ORDER BY "schema_migrations"."version" ASC[0m
Processing by HomeController#index as HTML
  [1m[36mArtist Load (1.7ms)[0m  [1m[34mSELECT "artists".* FROM "artists"[0m
  ↳ app/controllers/home_controller.rb:4:in `index'
Completed 200 OK in 30ms (Views: 9.7ms | ActiveRecord: 7.6ms | Allocations: 7596)


Started GET "/" for 127.0.0.1 at 2021-05-09 22:24:25 -0400
  [1m[35m (0.9ms)[0m  [1m[34mSELECT "schema_migrations"."version" FROM "schema_migrations" ORDER BY "schema_migrations"."version" ASC[0m
Processing by HomeController#index as HTML
  [1m[36mArtist Load (0.8ms)[0m  [1m[34mSELECT "artists".* FROM "artists"[0m
  ↳ app/controllers/home_controller.rb:4:in `index'
Completed 200 OK in 31ms (Views: 11.7ms | ActiveRecord: 8.3ms | Allocations: 7596)


Started GET "/" for 127.0.0.1 at 2021-05-09 22:25:29 -0400
Processing by HomeController#index as HTML
  [1m[36mArtist Load (0.4ms)[0m  [1m[34mSELECT "artists".* FROM "artists"[0m
  ↳ app/controllers/home_controller.rb:4:in `index'
Completed 200 OK in 5ms (Views: 3.8ms | ActiveRecord: 0.4ms | Allocations: 801)


Started GET "/" for 127.0.0.1 at 2021-05-09 22:25:49 -0400
Processing by HomeController#index as HTML
  [1m[36mArtist Load (0.3ms)[0m  [1m[34mSELECT "artists".* FROM "artists"[0m
  ↳ app/controllers/home_controller.rb:4:in `index'
Completed 200 OK in 5ms (Views: 3.8ms | ActiveRecord: 0.3ms | Allocations: 779)


  [1m[36mTRANSACTION (1.6ms)[0m  [1m[35mBEGIN[0m
  [1m[36mArtist Create (0.8ms)[0m  [1m[32mINSERT INTO "artists" ("name", "created_at", "updated_at") VALUES ($1, $2, $3) RETURNING "id"[0m  [["name", "Jay-Z"], ["created_at", "2021-05-10 02:28:32.224314"], ["updated_at", "2021-05-10 02:28:32.224314"]]
  [1m[36mTRANSACTION (101.0ms)[0m  [1m[35mCOMMIT[0m
  [1m[36mTRANSACTION (0.3ms)[0m  [1m[35mBEGIN[0m
  [1m[36mArtist Create (0.5ms)[0m  [1m[32mINSERT INTO "artists" ("name", "created_at", "updated_at") VALUES ($1, $2, $3) RETURNING "id"[0m  [["name", "Isaiah Rashad"], ["created_at", "2021-05-10 02:29:12.918158"], ["updated_at", "2021-05-10 02:29:12.918158"]]
  [1m[36mTRANSACTION (51.6ms)[0m  [1m[35mCOMMIT[0m
Started GET "/" for 127.0.0.1 at 2021-05-09 22:29:33 -0400
  [1m[35m (0.7ms)[0m  [1m[34mSELECT "schema_migrations"."version" FROM "schema_migrations" ORDER BY "schema_migrations"."version" ASC[0m
Processing by HomeController#index as HTML
  [1m[36mArtist Load (0.8ms)[0m  [1m[34mSELECT "artists".* FROM "artists"[0m
  ↳ app/controllers/home_controller.rb:4:in `index'
Completed 200 OK in 22ms (Views: 9.0ms | ActiveRecord: 5.5ms | Allocations: 7757)


Started GET "/" for 127.0.0.1 at 2021-05-09 23:14:11 -0400
Processing by HomeController#index as HTML
  [1m[36mArtist Load (1.0ms)[0m  [1m[34mSELECT "artists".* FROM "artists"[0m
  ↳ app/controllers/home_controller.rb:4:in `index'
Completed 200 OK in 14ms (Views: 13.4ms | ActiveRecord: 4.3ms | Allocations: 3080)


Started GET "/favicon.ico" for 127.0.0.1 at 2021-05-09 23:14:11 -0400
  
ActionController::RoutingError (No route matches [GET] "/favicon.ico"):
  
Started GET "/" for 127.0.0.1 at 2021-05-10 00:35:46 -0400
Processing by HomeController#index as HTML
  [1m[36mArtist Load (0.5ms)[0m  [1m[34mSELECT "artists".* FROM "artists"[0m
  ↳ app/controllers/home_controller.rb:4:in `index'
Completed 200 OK in 18ms (Views: 17.9ms | ActiveRecord: 6.6ms | Allocations: 3189)


Started GET "/" for 127.0.0.1 at 2021-05-10 00:36:06 -0400
  [1m[35m (1.2ms)[0m  [1m[34mSELECT "schema_migrations"."version" FROM "schema_migrations" ORDER BY "schema_migrations"."version" ASC[0m
Processing by HomeController#index as HTML
  [1m[36mArtist Load (0.6ms)[0m  [1m[34mSELECT "artists".* FROM "artists"[0m
  ↳ app/controllers/home_controller.rb:4:in `index'
Completed 200 OK in 24ms (Views: 8.3ms | ActiveRecord: 7.7ms | Allocations: 7757)


Started GET "/" for ::1 at 2021-05-10 01:45:53 -0400
  [1m[35m (1.0ms)[0m  [1m[34mSELECT "schema_migrations"."version" FROM "schema_migrations" ORDER BY "schema_migrations"."version" ASC[0m
Processing by HomeController#index as HTML
  [1m[36mArtist Load (0.6ms)[0m  [1m[34mSELECT "artists".* FROM "artists"[0m
  ↳ app/controllers/home_controller.rb:4:in `index'
Completed 200 OK in 19ms (Views: 7.0ms | ActiveRecord: 3.7ms | Allocations: 7756)


Started GET "/favicon.ico" for ::1 at 2021-05-10 01:45:53 -0400
  
ActionController::RoutingError (No route matches [GET] "/favicon.ico"):
  
Started GET "/" for 127.0.0.1 at 2021-05-10 01:50:36 -0400
Processing by HomeController#index as HTML
  [1m[36mArtist Load (0.4ms)[0m  [1m[34mSELECT "artists".* FROM "artists"[0m
  ↳ app/controllers/home_controller.rb:4:in `index'
Completed 200 OK in 6ms (Views: 5.0ms | ActiveRecord: 0.4ms | Allocations: 1110)


Started GET "/" for 127.0.0.1 at 2021-05-10 01:50:51 -0400
  [1m[35m (0.8ms)[0m  [1m[34mSELECT "schema_migrations"."version" FROM "schema_migrations" ORDER BY "schema_migrations"."version" ASC[0m
Processing by HomeController#index as HTML
  [1m[36mArtist Load (0.6ms)[0m  [1m[34mSELECT "artists".* FROM "artists"[0m
  ↳ app/controllers/home_controller.rb:4:in `index'
Completed 200 OK in 20ms (Views: 7.0ms | ActiveRecord: 3.9ms | Allocations: 7758)


Started GET "/" for 127.0.0.1 at 2021-05-10 01:51:23 -0400
Processing by HomeController#index as HTML
  [1m[36mArtist Load (0.3ms)[0m  [1m[34mSELECT "artists".* FROM "artists"[0m
  ↳ app/controllers/home_controller.rb:4:in `index'
Completed 200 OK in 3ms (Views: 2.4ms | ActiveRecord: 0.3ms | Allocations: 962)


Started POST "/signup" for ::1 at 2021-05-10 01:55:58 -0400
  [1m[35m (0.5ms)[0m  [1m[34mSELECT "schema_migrations"."version" FROM "schema_migrations" ORDER BY "schema_migrations"."version" ASC[0m
Processing by SignupController#create as HTML
  Parameters: {"email"=>"JustinAnMoreno@gmail.com", "password"=>"[FILTERED]", "password_confirmation"=>"[FILTERED]", "signup"=>{"email"=>"JustinAnMoreno@gmail.com", "password"=>"[FILTERED]", "password_confirmation"=>"[FILTERED]"}}
[31mUnpermitted parameter: :signup[0m
  [1m[36mTRANSACTION (0.1ms)[0m  [1m[35mBEGIN[0m
  ↳ app/controllers/signup_controller.rb:5:in `create'
  [1m[36mUser Create (22.0ms)[0m  [1m[32mINSERT INTO "users" ("email", "password_digest", "created_at", "updated_at") VALUES ($1, $2, $3, $4) RETURNING "id"[0m  [["email", "JustinAnMoreno@gmail.com"], ["password_digest", "$2a$12$mhtcF5ywi9Z1JZuujyMcoe6tFgv5teCy63BoYlOB5l0FiRQSJaDwO"], ["created_at", "2021-05-10 05:55:58.633556"], ["updated_at", "2021-05-10 05:55:58.633556"]]
  ↳ app/controllers/signup_controller.rb:5:in `create'
  [1m[36mTRANSACTION (19.8ms)[0m  [1m[35mCOMMIT[0m
  ↳ app/controllers/signup_controller.rb:5:in `create'
Completed 500 Internal Server Error in 264ms (ActiveRecord: 45.2ms | Allocations: 11217)


  
Redis::CannotConnectError (Error connecting to Redis on 127.0.0.1:6379 (Errno::ECONNREFUSED)):
  
app/controllers/signup_controller.rb:13:in `create'
Started POST "/signin" for ::1 at 2021-05-10 01:57:31 -0400
  [1m[35m (1.0ms)[0m  [1m[34mSELECT "schema_migrations"."version" FROM "schema_migrations" ORDER BY "schema_migrations"."version" ASC[0m
Processing by SigninController#create as HTML
  Parameters: {"email"=>"JustinAnMoreno@gmail.com", "password"=>"[FILTERED]", "signin"=>{"email"=>"JustinAnMoreno@gmail.com", "password"=>"[FILTERED]"}}
  [1m[36mUser Load (0.2ms)[0m  [1m[34mSELECT "users".* FROM "users" WHERE "users"."email" = $1 LIMIT $2[0m  [["email", "JustinAnMoreno@gmail.com"], ["LIMIT", 1]]
  ↳ app/controllers/signin_controller.rb:8:in `create'
Completed 500 Internal Server Error in 211ms (ActiveRecord: 3.5ms | Allocations: 9953)


  
Redis::CannotConnectError (Error connecting to Redis on 127.0.0.1:6379 (Errno::ECONNREFUSED)):
  
app/controllers/signin_controller.rb:15:in `create'
Started POST "/signup" for 127.0.0.1 at 2021-05-10 01:59:25 -0400
Processing by SignupController#create as HTML
  Parameters: {"email"=>"jamoreno97@gmail.com", "password"=>"[FILTERED]", "password_confirmation"=>"[FILTERED]", "signup"=>{"email"=>"jamoreno97@gmail.com", "password"=>"[FILTERED]", "password_confirmation"=>"[FILTERED]"}}
[31mUnpermitted parameter: :signup[0m
  [1m[36mTRANSACTION (0.1ms)[0m  [1m[35mBEGIN[0m
  ↳ app/controllers/signup_controller.rb:5:in `create'
  [1m[36mUser Create (0.5ms)[0m  [1m[32mINSERT INTO "users" ("email", "password_digest", "created_at", "updated_at") VALUES ($1, $2, $3, $4) RETURNING "id"[0m  [["email", "jamoreno97@gmail.com"], ["password_digest", "$2a$12$498XeFu858fHaaxwJeKldeOPMYDjTM/Y5xfMZUeF54LoqVAElokQe"], ["created_at", "2021-05-10 05:59:25.328183"], ["updated_at", "2021-05-10 05:59:25.328183"]]
  ↳ app/controllers/signup_controller.rb:5:in `create'
  [1m[36mTRANSACTION (4.8ms)[0m  [1m[35mCOMMIT[0m
  ↳ app/controllers/signup_controller.rb:5:in `create'
Completed 500 Internal Server Error in 223ms (ActiveRecord: 5.5ms | Allocations: 3210)


  
Redis::CannotConnectError (Error connecting to Redis on 127.0.0.1:6379 (Errno::ECONNREFUSED)):
  
app/controllers/signup_controller.rb:13:in `create'
Started POST "/signup" for 127.0.0.1 at 2021-05-10 02:17:23 -0400
  [1m[35m (0.8ms)[0m  [1m[34mSELECT "schema_migrations"."version" FROM "schema_migrations" ORDER BY "schema_migrations"."version" ASC[0m
Processing by SignupController#create as HTML
  Parameters: {"email"=>"jamoreno97@gmail.com", "password"=>"[FILTERED]", "password_confirmation"=>"[FILTERED]", "signup"=>{"email"=>"jamoreno97@gmail.com", "password"=>"[FILTERED]", "password_confirmation"=>"[FILTERED]"}}
[31mUnpermitted parameter: :signup[0m
  [1m[36mTRANSACTION (0.2ms)[0m  [1m[35mBEGIN[0m
  ↳ app/controllers/signup_controller.rb:5:in `create'
  [1m[36mUser Create (1.5ms)[0m  [1m[32mINSERT INTO "users" ("email", "password_digest", "created_at", "updated_at") VALUES ($1, $2, $3, $4) RETURNING "id"[0m  [["email", "jamoreno97@gmail.com"], ["password_digest", "$2a$12$gPN9f8i/Yot9cfq24dOm3erAs/IipBw59cnq7yhkIF.hLHu6w33ce"], ["created_at", "2021-05-10 06:17:24.324840"], ["updated_at", "2021-05-10 06:17:24.324840"]]
  ↳ app/controllers/signup_controller.rb:5:in `create'
  [1m[36mTRANSACTION (8.2ms)[0m  [1m[35mCOMMIT[0m
  ↳ app/controllers/signup_controller.rb:5:in `create'
Completed 200 OK in 237ms (Views: 0.3ms | ActiveRecord: 15.2ms | Allocations: 11743)


Started GET "/api/v1/records" for 127.0.0.1 at 2021-05-10 02:17:24 -0400
Started GET "/api/v1/artists" for 127.0.0.1 at 2021-05-10 02:17:24 -0400
Processing by Api::V1::RecordsController#index as HTML
Processing by Api::V1::ArtistsController#index as HTML
  [1m[36mArtist Load (0.4ms)[0m  [1m[34mSELECT "artists".* FROM "artists"[0m
  ↳ app/controllers/api/v1/artists_controller.rb:10:in `index'
Completed 200 OK in 34ms (Views: 18.1ms | ActiveRecord: 11.5ms | Allocations: 6430)


  [1m[36mUser Load (0.4ms)[0m  [1m[34mSELECT "users".* FROM "users" WHERE "users"."id" = $1 LIMIT $2[0m  [["id", 3], ["LIMIT", 1]]
  ↳ app/controllers/application_controller.rb:8:in `current_user'
  [1m[36mRecord Load (0.4ms)[0m  [1m[34mSELECT "records".* FROM "records" WHERE "records"."user_id" = $1[0m  [["user_id", 3]]
  ↳ app/controllers/api/v1/records_controller.rb:10:in `index'
Completed 200 OK in 159ms (Views: 1.8ms | ActiveRecord: 6.8ms | Allocations: 16490)


Started GET "/api/v1/artists" for 127.0.0.1 at 2021-05-10 02:17:37 -0400
Processing by Api::V1::ArtistsController#index as HTML
  [1m[36mArtist Load (2.0ms)[0m  [1m[34mSELECT "artists".* FROM "artists"[0m
  ↳ app/controllers/api/v1/artists_controller.rb:10:in `index'
Completed 200 OK in 5ms (Views: 2.5ms | ActiveRecord: 2.0ms | Allocations: 1047)


Started PATCH "/api/v1/artists/1" for 127.0.0.1 at 2021-05-10 02:17:43 -0400
Processing by Api::V1::ArtistsController#update as HTML
  Parameters: {"artist"=>{"title"=>"Cursing"}, "id"=>"1"}
  [1m[36mArtist Load (0.4ms)[0m  [1m[34mSELECT "artists".* FROM "artists" WHERE "artists"."id" = $1 LIMIT $2[0m  [["id", 1], ["LIMIT", 1]]
  ↳ app/controllers/api/v1/artists_controller.rb:41:in `set_artist'
[31mUnpermitted parameter: :title[0m
Completed 200 OK in 7ms (Views: 0.3ms | ActiveRecord: 0.4ms | Allocations: 1771)


Started GET "/api/v1/artists" for 127.0.0.1 at 2021-05-10 02:17:45 -0400
Processing by Api::V1::ArtistsController#index as HTML
  [1m[36mArtist Load (0.5ms)[0m  [1m[34mSELECT "artists".* FROM "artists"[0m
  ↳ app/controllers/api/v1/artists_controller.rb:10:in `index'
Completed 200 OK in 6ms (Views: 4.8ms | ActiveRecord: 0.5ms | Allocations: 975)


Started POST "/api/v1/artists/" for 127.0.0.1 at 2021-05-10 02:18:02 -0400
Processing by Api::V1::ArtistsController#create as HTML
  Parameters: {"artist"=>{"name"=>"Bob Marley "}}
  [1m[36mTRANSACTION (0.2ms)[0m  [1m[35mBEGIN[0m
  ↳ app/controllers/api/v1/artists_controller.rb:20:in `create'
  [1m[36mArtist Create (0.5ms)[0m  [1m[32mINSERT INTO "artists" ("name", "created_at", "updated_at") VALUES ($1, $2, $3) RETURNING "id"[0m  [["name", "Bob Marley "], ["created_at", "2021-05-10 06:18:02.629814"], ["updated_at", "2021-05-10 06:18:02.629814"]]
  ↳ app/controllers/api/v1/artists_controller.rb:20:in `create'
  [1m[36mTRANSACTION (39.5ms)[0m  [1m[35mCOMMIT[0m
  ↳ app/controllers/api/v1/artists_controller.rb:20:in `create'
Completed 201 Created in 51ms (Views: 0.9ms | ActiveRecord: 40.1ms | Allocations: 2526)


Started GET "/api/v1/records" for 127.0.0.1 at 2021-05-10 02:18:16 -0400
Processing by Api::V1::RecordsController#index as HTML
Started GET "/api/v1/artists" for 127.0.0.1 at 2021-05-10 02:18:16 -0400
  [1m[36mUser Load (1.5ms)[0m  [1m[34mSELECT "users".* FROM "users" WHERE "users"."id" = $1 LIMIT $2[0m  [["id", 3], ["LIMIT", 1]]
  ↳ app/controllers/application_controller.rb:8:in `current_user'
  [1m[36mRecord Load (0.6ms)[0m  [1m[34mSELECT "records".* FROM "records" WHERE "records"."user_id" = $1[0m  [["user_id", 3]]
Processing by Api::V1::ArtistsController#index as HTML
  ↳ app/controllers/api/v1/records_controller.rb:10:in `index'
Completed 200 OK in 12ms (Views: 4.6ms | ActiveRecord: 2.1ms | Allocations: 2170)


  [1m[36mArtist Load (0.7ms)[0m  [1m[34mSELECT "artists".* FROM "artists"[0m
  ↳ app/controllers/api/v1/artists_controller.rb:10:in `index'
Completed 200 OK in 5ms (Views: 4.1ms | ActiveRecord: 0.7ms | Allocations: 1408)


Started GET "/api/v1/artists" for 127.0.0.1 at 2021-05-10 02:18:17 -0400
Processing by Api::V1::ArtistsController#index as HTML
  [1m[36mArtist Load (0.5ms)[0m  [1m[34mSELECT "artists".* FROM "artists"[0m
  ↳ app/controllers/api/v1/artists_controller.rb:10:in `index'
Completed 200 OK in 5ms (Views: 4.3ms | ActiveRecord: 0.5ms | Allocations: 1053)


Started GET "/api/v1/records" for 127.0.0.1 at 2021-05-10 02:18:19 -0400
Started GET "/api/v1/artists" for 127.0.0.1 at 2021-05-10 02:18:19 -0400
Processing by Api::V1::ArtistsController#index as HTML
Processing by Api::V1::RecordsController#index as HTML
  [1m[36mArtist Load (1.2ms)[0m  [1m[34mSELECT "artists".* FROM "artists"[0m
  ↳ app/controllers/api/v1/artists_controller.rb:10:in `index'
Completed 200 OK in 7ms (Views: 5.1ms | ActiveRecord: 1.2ms | Allocations: 1701)


  [1m[36mUser Load (1.7ms)[0m  [1m[34mSELECT "users".* FROM "users" WHERE "users"."id" = $1 LIMIT $2[0m  [["id", 3], ["LIMIT", 1]]
  ↳ app/controllers/application_controller.rb:8:in `current_user'
  [1m[36mRecord Load (0.3ms)[0m  [1m[34mSELECT "records".* FROM "records" WHERE "records"."user_id" = $1[0m  [["user_id", 3]]
  ↳ app/controllers/api/v1/records_controller.rb:10:in `index'
Completed 200 OK in 11ms (Views: 2.7ms | ActiveRecord: 2.0ms | Allocations: 2671)


Started GET "/api/v1/artists" for 127.0.0.1 at 2021-05-10 02:31:44 -0400
Processing by Api::V1::ArtistsController#index as HTML
  [1m[36mArtist Load (0.6ms)[0m  [1m[34mSELECT "artists".* FROM "artists"[0m
  ↳ app/controllers/api/v1/artists_controller.rb:10:in `index'
Completed 200 OK in 15ms (Views: 15.0ms | ActiveRecord: 5.3ms | Allocations: 3132)


Started GET "/api/v1/artists" for 127.0.0.1 at 2021-05-10 02:32:08 -0400
Processing by Api::V1::ArtistsController#index as HTML
  [1m[36mArtist Load (0.4ms)[0m  [1m[34mSELECT "artists".* FROM "artists"[0m
  ↳ app/controllers/api/v1/artists_controller.rb:10:in `index'
Completed 200 OK in 5ms (Views: 4.4ms | ActiveRecord: 0.4ms | Allocations: 1053)


Started GET "/api/v1/artists" for 127.0.0.1 at 2021-05-10 02:34:14 -0400
Processing by Api::V1::ArtistsController#index as HTML
  [1m[36mArtist Load (0.3ms)[0m  [1m[34mSELECT "artists".* FROM "artists"[0m
  ↳ app/controllers/api/v1/artists_controller.rb:10:in `index'
Completed 200 OK in 3ms (Views: 2.5ms | ActiveRecord: 0.3ms | Allocations: 1053)


Started GET "/api/v1/artists" for 127.0.0.1 at 2021-05-10 02:34:35 -0400
Started GET "/api/v1/records" for 127.0.0.1 at 2021-05-10 02:34:35 -0400
Processing by Api::V1::ArtistsController#index as HTML
Processing by Api::V1::RecordsController#index as HTML
  [1m[36mArtist Load (0.3ms)[0m  [1m[34mSELECT "artists".* FROM "artists"[0m
  ↳ app/controllers/api/v1/artists_controller.rb:10:in `index'
Completed 200 OK in 8ms (Views: 7.5ms | ActiveRecord: 0.3ms | Allocations: 1886)


  [1m[36mUser Load (0.3ms)[0m  [1m[34mSELECT "users".* FROM "users" WHERE "users"."id" = $1 LIMIT $2[0m  [["id", 3], ["LIMIT", 1]]
  ↳ app/controllers/application_controller.rb:8:in `current_user'
  [1m[36mRecord Load (0.5ms)[0m  [1m[34mSELECT "records".* FROM "records" WHERE "records"."user_id" = $1[0m  [["user_id", 3]]
  ↳ app/controllers/api/v1/records_controller.rb:10:in `index'
Completed 200 OK in 25ms (Views: 3.5ms | ActiveRecord: 8.5ms | Allocations: 4743)


Started GET "/api/v1/records" for 127.0.0.1 at 2021-05-10 02:34:40 -0400
Started GET "/api/v1/artists" for 127.0.0.1 at 2021-05-10 02:34:40 -0400
Processing by Api::V1::RecordsController#index as HTML
Processing by Api::V1::ArtistsController#index as HTML
  [1m[36mUser Load (1.4ms)[0m  [1m[34mSELECT "users".* FROM "users" WHERE "users"."id" = $1 LIMIT $2[0m  [["id", 3], ["LIMIT", 1]]
  ↳ app/controllers/application_controller.rb:8:in `current_user'
  [1m[36mArtist Load (1.2ms)[0m  [1m[34mSELECT "artists".* FROM "artists"[0m
  ↳ app/controllers/api/v1/artists_controller.rb:10:in `index'
  [1m[36mRecord Load (1.7ms)[0m  [1m[34mSELECT "records".* FROM "records" WHERE "records"."user_id" = $1[0m  [["user_id", 3]]
Completed 200 OK in 8ms (Views: 6.1ms | ActiveRecord: 1.2ms | Allocations: 1691)


  ↳ app/controllers/api/v1/records_controller.rb:10:in `index'
Completed 200 OK in 12ms (Views: 4.2ms | ActiveRecord: 3.1ms | Allocations: 3113)


Started GET "/api/v1/artists" for 127.0.0.1 at 2021-05-10 02:34:42 -0400
Processing by Api::V1::ArtistsController#index as HTML
  [1m[36mArtist Load (0.7ms)[0m  [1m[34mSELECT "artists".* FROM "artists"[0m
  ↳ app/controllers/api/v1/artists_controller.rb:10:in `index'
Completed 200 OK in 3ms (Views: 2.2ms | ActiveRecord: 0.7ms | Allocations: 1053)


Started PATCH "/api/v1/artists/1" for 127.0.0.1 at 2021-05-10 02:34:47 -0400
Processing by Api::V1::ArtistsController#update as HTML
  Parameters: {"artist"=>{"title"=>"Cursin"}, "id"=>"1"}
  [1m[36mArtist Load (0.3ms)[0m  [1m[34mSELECT "artists".* FROM "artists" WHERE "artists"."id" = $1 LIMIT $2[0m  [["id", 1], ["LIMIT", 1]]
  ↳ app/controllers/api/v1/artists_controller.rb:41:in `set_artist'
[31mUnpermitted parameter: :title[0m
Completed 200 OK in 7ms (Views: 0.5ms | ActiveRecord: 0.3ms | Allocations: 1301)


Started DELETE "/api/v1/artists/1" for 127.0.0.1 at 2021-05-10 02:34:49 -0400
Processing by Api::V1::ArtistsController#destroy as HTML
  Parameters: {"id"=>"1"}
  [1m[36mArtist Load (0.2ms)[0m  [1m[34mSELECT "artists".* FROM "artists" WHERE "artists"."id" = $1 LIMIT $2[0m  [["id", 1], ["LIMIT", 1]]
  ↳ app/controllers/api/v1/artists_controller.rb:41:in `set_artist'
  [1m[36mTRANSACTION (0.1ms)[0m  [1m[35mBEGIN[0m
  ↳ app/controllers/api/v1/artists_controller.rb:36:in `destroy'
  [1m[36mRecord Load (0.3ms)[0m  [1m[34mSELECT "records".* FROM "records" WHERE "records"."artist_id" = $1[0m  [["artist_id", 1]]
  ↳ app/controllers/api/v1/artists_controller.rb:36:in `destroy'
  [1m[36mArtist Destroy (44.6ms)[0m  [1m[31mDELETE FROM "artists" WHERE "artists"."id" = $1[0m  [["id", 1]]
  ↳ app/controllers/api/v1/artists_controller.rb:36:in `destroy'
  [1m[36mTRANSACTION (22.7ms)[0m  [1m[35mCOMMIT[0m
  ↳ app/controllers/api/v1/artists_controller.rb:36:in `destroy'
Completed 204 No Content in 78ms (ActiveRecord: 68.0ms | Allocations: 3360)


Started DELETE "/api/v1/artists/4" for 127.0.0.1 at 2021-05-10 02:34:53 -0400
Processing by Api::V1::ArtistsController#destroy as HTML
  Parameters: {"id"=>"4"}
  [1m[36mArtist Load (0.3ms)[0m  [1m[34mSELECT "artists".* FROM "artists" WHERE "artists"."id" = $1 LIMIT $2[0m  [["id", 4], ["LIMIT", 1]]
  ↳ app/controllers/api/v1/artists_controller.rb:41:in `set_artist'
  [1m[36mTRANSACTION (0.2ms)[0m  [1m[35mBEGIN[0m
  ↳ app/controllers/api/v1/artists_controller.rb:36:in `destroy'
  [1m[36mRecord Load (0.3ms)[0m  [1m[34mSELECT "records".* FROM "records" WHERE "records"."artist_id" = $1[0m  [["artist_id", 4]]
  ↳ app/controllers/api/v1/artists_controller.rb:36:in `destroy'
  [1m[36mArtist Destroy (0.4ms)[0m  [1m[31mDELETE FROM "artists" WHERE "artists"."id" = $1[0m  [["id", 4]]
  ↳ app/controllers/api/v1/artists_controller.rb:36:in `destroy'
  [1m[36mTRANSACTION (104.5ms)[0m  [1m[35mCOMMIT[0m
  ↳ app/controllers/api/v1/artists_controller.rb:36:in `destroy'
Completed 204 No Content in 116ms (ActiveRecord: 105.6ms | Allocations: 3009)


Started DELETE "/api/v1/artists/2" for 127.0.0.1 at 2021-05-10 02:34:54 -0400
Processing by Api::V1::ArtistsController#destroy as HTML
  Parameters: {"id"=>"2"}
  [1m[36mArtist Load (0.4ms)[0m  [1m[34mSELECT "artists".* FROM "artists" WHERE "artists"."id" = $1 LIMIT $2[0m  [["id", 2], ["LIMIT", 1]]
  ↳ app/controllers/api/v1/artists_controller.rb:41:in `set_artist'
  [1m[36mTRANSACTION (0.2ms)[0m  [1m[35mBEGIN[0m
  ↳ app/controllers/api/v1/artists_controller.rb:36:in `destroy'
  [1m[36mRecord Load (0.4ms)[0m  [1m[34mSELECT "records".* FROM "records" WHERE "records"."artist_id" = $1[0m  [["artist_id", 2]]
  ↳ app/controllers/api/v1/artists_controller.rb:36:in `destroy'
  [1m[36mArtist Destroy (0.7ms)[0m  [1m[31mDELETE FROM "artists" WHERE "artists"."id" = $1[0m  [["id", 2]]
  ↳ app/controllers/api/v1/artists_controller.rb:36:in `destroy'
  [1m[36mTRANSACTION (2.5ms)[0m  [1m[35mCOMMIT[0m
  ↳ app/controllers/api/v1/artists_controller.rb:36:in `destroy'
Completed 204 No Content in 14ms (ActiveRecord: 4.3ms | Allocations: 3009)


Started POST "/api/v1/artists/" for 127.0.0.1 at 2021-05-10 02:35:28 -0400
Processing by Api::V1::ArtistsController#create as HTML
  Parameters: {"artist"=>{"name"=>"isaiah rashad"}}
  [1m[36mTRANSACTION (0.1ms)[0m  [1m[35mBEGIN[0m
  ↳ app/controllers/api/v1/artists_controller.rb:20:in `create'
  [1m[36mArtist Create (0.7ms)[0m  [1m[32mINSERT INTO "artists" ("name", "created_at", "updated_at") VALUES ($1, $2, $3) RETURNING "id"[0m  [["name", "isaiah rashad"], ["created_at", "2021-05-10 06:35:28.419578"], ["updated_at", "2021-05-10 06:35:28.419578"]]
  ↳ app/controllers/api/v1/artists_controller.rb:20:in `create'
  [1m[36mTRANSACTION (7.8ms)[0m  [1m[35mCOMMIT[0m
  ↳ app/controllers/api/v1/artists_controller.rb:20:in `create'
Completed 201 Created in 19ms (Views: 0.4ms | ActiveRecord: 8.7ms | Allocations: 2386)


Started DELETE "/signin" for 127.0.0.1 at 2021-05-10 02:35:36 -0400
Processing by SigninController#destroy as HTML
Completed 500 Internal Server Error in 4ms (ActiveRecord: 0.0ms | Allocations: 2884)


  
NoMethodError (undefined method `json' for #<SigninController:0x00000000007288>
Did you mean?  JSON):
  
app/controllers/signin_controller.rb:32:in `destroy'
Started DELETE "/signin" for 127.0.0.1 at 2021-05-10 02:35:38 -0400
Processing by SigninController#destroy as HTML
Completed 401 Unauthorized in 2ms (Views: 0.3ms | ActiveRecord: 0.0ms | Allocations: 527)


Started POST "/refresh" for 127.0.0.1 at 2021-05-10 02:35:38 -0400
Processing by RefreshController#create as HTML
  Parameters: {"refresh"=>{}}
Completed 401 Unauthorized in 1ms (Views: 0.2ms | ActiveRecord: 0.0ms | Allocations: 419)


Started POST "/signin" for 127.0.0.1 at 2021-05-10 02:35:44 -0400
Processing by SigninController#create as HTML
  Parameters: {"email"=>"jamoreno97@gmail.com", "password"=>"[FILTERED]", "signin"=>{"email"=>"jamoreno97@gmail.com", "password"=>"[FILTERED]"}}
  [1m[36mUser Load (0.4ms)[0m  [1m[34mSELECT "users".* FROM "users" WHERE "users"."email" = $1 LIMIT $2[0m  [["email", "jamoreno97@gmail.com"], ["LIMIT", 1]]
  ↳ app/controllers/signin_controller.rb:8:in `create'
Completed 500 Internal Server Error in 199ms (ActiveRecord: 0.4ms | Allocations: 3347)


  
NameError (undefined local variable or method `csrf' for #<SigninController:0x000000000075d0>):
  
app/controllers/signin_controller.rb:21:in `create'
Started POST "/signin" for 127.0.0.1 at 2021-05-10 02:35:48 -0400
Processing by SigninController#create as HTML
  Parameters: {"email"=>"jamoreno97@gmail.com", "password"=>"[FILTERED]", "signin"=>{"email"=>"jamoreno97@gmail.com", "password"=>"[FILTERED]"}}
  [1m[36mUser Load (0.3ms)[0m  [1m[34mSELECT "users".* FROM "users" WHERE "users"."email" = $1 LIMIT $2[0m  [["email", "jamoreno97@gmail.com"], ["LIMIT", 1]]
  ↳ app/controllers/signin_controller.rb:8:in `create'
Completed 500 Internal Server Error in 206ms (ActiveRecord: 0.3ms | Allocations: 2950)


  
NameError (undefined local variable or method `csrf' for #<SigninController:0x00000000007760>):
  
app/controllers/signin_controller.rb:21:in `create'
Started POST "/signin" for 127.0.0.1 at 2021-05-10 02:35:50 -0400
Processing by SigninController#create as HTML
  Parameters: {"email"=>"jamoreno97@gmail.com", "password"=>"[FILTERED]", "signin"=>{"email"=>"jamoreno97@gmail.com", "password"=>"[FILTERED]"}}
  [1m[36mUser Load (0.4ms)[0m  [1m[34mSELECT "users".* FROM "users" WHERE "users"."email" = $1 LIMIT $2[0m  [["email", "jamoreno97@gmail.com"], ["LIMIT", 1]]
  ↳ app/controllers/signin_controller.rb:8:in `create'
Started POST "/signin" for 127.0.0.1 at 2021-05-10 02:35:50 -0400
Completed 500 Internal Server Error in 217ms (ActiveRecord: 0.4ms | Allocations: 3203)


  
NameError (undefined local variable or method `csrf' for #<SigninController:0x000000000078f0>):
  
app/controllers/signin_controller.rb:21:in `create'
Processing by SigninController#create as HTML
  Parameters: {"email"=>"jamoreno97@gmail.com", "password"=>"[FILTERED]", "signin"=>{"email"=>"jamoreno97@gmail.com", "password"=>"[FILTERED]"}}
  [1m[36mUser Load (0.6ms)[0m  [1m[34mSELECT "users".* FROM "users" WHERE "users"."email" = $1 LIMIT $2[0m  [["email", "jamoreno97@gmail.com"], ["LIMIT", 1]]
  ↳ app/controllers/signin_controller.rb:8:in `create'
Started POST "/signin" for 127.0.0.1 at 2021-05-10 02:35:50 -0400
Completed 500 Internal Server Error in 213ms (ActiveRecord: 0.9ms | Allocations: 8257)


  
NameError (undefined local variable or method `csrf' for #<SigninController:0x00000000007968>):
  
app/controllers/signin_controller.rb:21:in `create'
Processing by SigninController#create as HTML
  Parameters: {"email"=>"jamoreno97@gmail.com", "password"=>"[FILTERED]", "signin"=>{"email"=>"jamoreno97@gmail.com", "password"=>"[FILTERED]"}}
  [1m[36mUser Load (1.3ms)[0m  [1m[34mSELECT "users".* FROM "users" WHERE "users"."email" = $1 LIMIT $2[0m  [["email", "jamoreno97@gmail.com"], ["LIMIT", 1]]
  ↳ app/controllers/signin_controller.rb:8:in `create'
Completed 500 Internal Server Error in 230ms (ActiveRecord: 12.1ms | Allocations: 25002)


  
NameError (undefined local variable or method `csrf' for #<SigninController:0x00000000007a08>):
  
app/controllers/signin_controller.rb:21:in `create'
Started POST "/signin" for 127.0.0.1 at 2021-05-10 02:35:55 -0400
Processing by SigninController#create as HTML
  Parameters: {"email"=>"justinanmoreno@gmail.com", "password"=>"[FILTERED]", "signin"=>{"email"=>"justinanmoreno@gmail.com", "password"=>"[FILTERED]"}}
  [1m[36mUser Load (0.3ms)[0m  [1m[34mSELECT "users".* FROM "users" WHERE "users"."email" = $1 LIMIT $2[0m  [["email", "justinanmoreno@gmail.com"], ["LIMIT", 1]]
  ↳ app/controllers/signin_controller.rb:8:in `create'
Completed 500 Internal Server Error in 4ms (ActiveRecord: 0.3ms | Allocations: 975)


  
NoMethodError (undefined method `authenticate' for nil:NilClass):
  
app/controllers/signin_controller.rb:10:in `create'
Started POST "/signin" for 127.0.0.1 at 2021-05-10 02:36:01 -0400
Processing by SigninController#create as HTML
  Parameters: {"email"=>"justinanmoreno@gmail.com", "password"=>"[FILTERED]", "signin"=>{"email"=>"justinanmoreno@gmail.com", "password"=>"[FILTERED]"}}
  [1m[36mUser Load (0.4ms)[0m  [1m[34mSELECT "users".* FROM "users" WHERE "users"."email" = $1 LIMIT $2[0m  [["email", "justinanmoreno@gmail.com"], ["LIMIT", 1]]
  ↳ app/controllers/signin_controller.rb:8:in `create'
Completed 500 Internal Server Error in 5ms (ActiveRecord: 0.4ms | Allocations: 964)


  
NoMethodError (undefined method `authenticate' for nil:NilClass):
  
app/controllers/signin_controller.rb:10:in `create'
Started POST "/signin" for 127.0.0.1 at 2021-05-10 02:36:02 -0400
Processing by SigninController#create as HTML
  Parameters: {"email"=>"justinanmoreno@gmail.com", "password"=>"[FILTERED]", "signin"=>{"email"=>"justinanmoreno@gmail.com", "password"=>"[FILTERED]"}}
  [1m[36mUser Load (0.3ms)[0m  [1m[34mSELECT "users".* FROM "users" WHERE "users"."email" = $1 LIMIT $2[0m  [["email", "justinanmoreno@gmail.com"], ["LIMIT", 1]]
  ↳ app/controllers/signin_controller.rb:8:in `create'
Completed 500 Internal Server Error in 3ms (ActiveRecord: 0.3ms | Allocations: 966)


  
NoMethodError (undefined method `authenticate' for nil:NilClass):
  
app/controllers/signin_controller.rb:10:in `create'
Started POST "/signup" for 127.0.0.1 at 2021-05-10 02:36:47 -0400
Processing by SignupController#create as HTML
  Parameters: {"email"=>"justinanmoreno@gmail.com", "password"=>"[FILTERED]", "password_confirmation"=>"[FILTERED]", "signup"=>{"email"=>"justinanmoreno@gmail.com", "password"=>"[FILTERED]", "password_confirmation"=>"[FILTERED]"}}
[31mUnpermitted parameter: :signup[0m
  [1m[36mTRANSACTION (0.2ms)[0m  [1m[35mBEGIN[0m
  ↳ app/controllers/signup_controller.rb:5:in `create'
  [1m[36mUser Create (0.6ms)[0m  [1m[32mINSERT INTO "users" ("email", "password_digest", "created_at", "updated_at") VALUES ($1, $2, $3, $4) RETURNING "id"[0m  [["email", "justinanmoreno@gmail.com"], ["password_digest", "$2a$12$2FWNsSJff.g0kQ8WG6uRk.b39FJkik0rkEb0FFdd0m83fCa85zhJy"], ["created_at", "2021-05-10 06:36:47.938399"], ["updated_at", "2021-05-10 06:36:47.938399"]]
  ↳ app/controllers/signup_controller.rb:5:in `create'
  [1m[36mTRANSACTION (40.7ms)[0m  [1m[35mCOMMIT[0m
  ↳ app/controllers/signup_controller.rb:5:in `create'
Completed 200 OK in 273ms (Views: 0.3ms | ActiveRecord: 41.6ms | Allocations: 2382)


Started GET "/api/v1/records" for 127.0.0.1 at 2021-05-10 02:36:48 -0400
Started GET "/api/v1/artists" for 127.0.0.1 at 2021-05-10 02:36:48 -0400
Processing by Api::V1::RecordsController#index as HTML
Processing by Api::V1::ArtistsController#index as HTML
  [1m[36mUser Load (0.5ms)[0m  [1m[34mSELECT "users".* FROM "users" WHERE "users"."id" = $1 LIMIT $2[0m  [["id", 4], ["LIMIT", 1]]
  [1m[36mArtist Load (0.4ms)[0m  [1m[34mSELECT "artists".* FROM "artists"[0m
  ↳ app/controllers/application_controller.rb:8:in `current_user'
  ↳ app/controllers/api/v1/artists_controller.rb:10:in `index'
Completed 200 OK in 8ms (Views: 7.5ms | ActiveRecord: 0.4ms | Allocations: 1538)


  [1m[36mRecord Load (0.8ms)[0m  [1m[34mSELECT "records".* FROM "records" WHERE "records"."user_id" = $1[0m  [["user_id", 4]]
  ↳ app/controllers/api/v1/records_controller.rb:10:in `index'
Completed 200 OK in 16ms (Views: 5.4ms | ActiveRecord: 1.3ms | Allocations: 3044)


Started GET "/api/v1/records" for 127.0.0.1 at 2021-05-10 02:36:59 -0400
Started GET "/api/v1/artists" for 127.0.0.1 at 2021-05-10 02:36:59 -0400
Processing by Api::V1::RecordsController#index as HTML
Processing by Api::V1::ArtistsController#index as HTML
  [1m[36mUser Load (1.1ms)[0m  [1m[34mSELECT "users".* FROM "users" WHERE "users"."id" = $1 LIMIT $2[0m  [["id", 4], ["LIMIT", 1]]
  ↳ app/controllers/application_controller.rb:8:in `current_user'
  [1m[36mArtist Load (0.7ms)[0m  [1m[34mSELECT "artists".* FROM "artists"[0m
  ↳ app/controllers/api/v1/artists_controller.rb:10:in `index'
  [1m[36mRecord Load (1.5ms)[0m  [1m[34mSELECT "records".* FROM "records" WHERE "records"."user_id" = $1[0m  [["user_id", 4]]
Completed 200 OK in 6ms (Views: 5.0ms | ActiveRecord: 0.7ms | Allocations: 1529)


  ↳ app/controllers/api/v1/records_controller.rb:10:in `index'
Completed 200 OK in 12ms (Views: 4.3ms | ActiveRecord: 2.7ms | Allocations: 2952)


Started DELETE "/signin" for 127.0.0.1 at 2021-05-10 02:37:04 -0400
Processing by SigninController#destroy as HTML
Completed 500 Internal Server Error in 4ms (ActiveRecord: 0.0ms | Allocations: 2621)


  
NoMethodError (undefined method `json' for #<SigninController:0x00000000008368>
Did you mean?  JSON):
  
app/controllers/signin_controller.rb:32:in `destroy'
Started GET "/api/v1/records" for 127.0.0.1 at 2021-05-10 02:37:09 -0400
Processing by Api::V1::RecordsController#index as HTML
Completed 401 Unauthorized in 2ms (Views: 0.3ms | ActiveRecord: 0.0ms | Allocations: 393)


Started GET "/api/v1/artists" for 127.0.0.1 at 2021-05-10 02:37:09 -0400
Processing by Api::V1::ArtistsController#index as HTML
  [1m[36mArtist Load (0.5ms)[0m  [1m[34mSELECT "artists".* FROM "artists"[0m
  ↳ app/controllers/api/v1/artists_controller.rb:10:in `index'
Completed 200 OK in 4ms (Views: 3.5ms | ActiveRecord: 0.5ms | Allocations: 892)


Started POST "/refresh" for 127.0.0.1 at 2021-05-10 02:37:09 -0400
Processing by RefreshController#create as HTML
  Parameters: {"refresh"=>{}}
Completed 401 Unauthorized in 1ms (Views: 0.3ms | ActiveRecord: 0.0ms | Allocations: 223)


Started POST "/signin" for 127.0.0.1 at 2021-05-10 02:37:18 -0400
Processing by SigninController#create as HTML
  Parameters: {"email"=>"justinanmoreno@gmail.com", "password"=>"[FILTERED]", "signin"=>{"email"=>"justinanmoreno@gmail.com", "password"=>"[FILTERED]"}}
  [1m[36mUser Load (0.2ms)[0m  [1m[34mSELECT "users".* FROM "users" WHERE "users"."email" = $1 LIMIT $2[0m  [["email", "justinanmoreno@gmail.com"], ["LIMIT", 1]]
  ↳ app/controllers/signin_controller.rb:8:in `create'
Completed 500 Internal Server Error in 199ms (ActiveRecord: 0.2ms | Allocations: 2945)


  
NameError (undefined local variable or method `csrf' for #<SigninController:0x00000000008570>):
  
app/controllers/signin_controller.rb:21:in `create'
Started POST "/signin" for 127.0.0.1 at 2021-05-10 02:37:26 -0400
Processing by SigninController#create as HTML
  Parameters: {"email"=>"justinanmoreno@gmail.com", "password"=>"[FILTERED]", "signin"=>{"email"=>"justinanmoreno@gmail.com", "password"=>"[FILTERED]"}}
  [1m[36mUser Load (0.4ms)[0m  [1m[34mSELECT "users".* FROM "users" WHERE "users"."email" = $1 LIMIT $2[0m  [["email", "justinanmoreno@gmail.com"], ["LIMIT", 1]]
  ↳ app/controllers/signin_controller.rb:8:in `create'
Completed 500 Internal Server Error in 203ms (ActiveRecord: 0.4ms | Allocations: 2946)


  
NameError (undefined local variable or method `csrf' for #<SigninController:0x00000000008700>):
  
app/controllers/signin_controller.rb:21:in `create'
Started POST "/signin" for 127.0.0.1 at 2021-05-10 02:40:15 -0400
  [1m[35m (1.0ms)[0m  [1m[34mSELECT "schema_migrations"."version" FROM "schema_migrations" ORDER BY "schema_migrations"."version" ASC[0m
  
SyntaxError (/home/justinanmoreno/Documents/Final Project/backend_api/app/controllers/signin_controller.rb:31: syntax error, unexpected `end', expecting end-of-input):
  
app/controllers/signin_controller.rb:31: syntax error, unexpected `end', expecting end-of-input
app/controllers/signin_controller.rb:31: syntax error, unexpected `end', expecting end-of-input
Started POST "/signin" for 127.0.0.1 at 2021-05-10 02:40:39 -0400
Processing by SigninController#create as HTML
  Parameters: {"email"=>"justinanmoreno@gmail.com", "password"=>"[FILTERED]", "signin"=>{"email"=>"justinanmoreno@gmail.com", "password"=>"[FILTERED]"}}
  [1m[36mUser Load (0.3ms)[0m  [1m[34mSELECT "users".* FROM "users" WHERE "users"."email" = $1 LIMIT $2[0m  [["email", "justinanmoreno@gmail.com"], ["LIMIT", 1]]
  ↳ app/controllers/signin_controller.rb:5:in `create'
Completed 200 OK in 222ms (Views: 0.3ms | ActiveRecord: 3.4ms | Allocations: 7670)


Started GET "/api/v1/records" for 127.0.0.1 at 2021-05-10 02:40:39 -0400
Started GET "/api/v1/artists" for 127.0.0.1 at 2021-05-10 02:40:39 -0400
Processing by Api::V1::RecordsController#index as HTML
Processing by Api::V1::ArtistsController#index as HTML
  [1m[36mUser Load (0.4ms)[0m  [1m[34mSELECT "users".* FROM "users" WHERE "users"."id" = $1 LIMIT $2[0m  [["id", 4], ["LIMIT", 1]]
  ↳ app/controllers/application_controller.rb:8:in `current_user'
  [1m[36mRecord Load (0.6ms)[0m  [1m[34mSELECT "records".* FROM "records" WHERE "records"."user_id" = $1[0m  [["user_id", 4]]
  ↳ app/controllers/api/v1/records_controller.rb:10:in `index'
Completed 200 OK in 20ms (Views: 4.3ms | ActiveRecord: 2.4ms | Allocations: 7968)


  [1m[36mArtist Load (0.8ms)[0m  [1m[34mSELECT "artists".* FROM "artists"[0m
  ↳ app/controllers/api/v1/artists_controller.rb:10:in `index'
Completed 200 OK in 33ms (Views: 16.2ms | ActiveRecord: 14.5ms | Allocations: 11850)


Started GET "/api/v1/artists" for 127.0.0.1 at 2021-05-10 02:43:05 -0400
Started GET "/api/v1/records" for 127.0.0.1 at 2021-05-10 02:43:05 -0400
Processing by Api::V1::ArtistsController#index as HTML
  [1m[36mArtist Load (0.4ms)[0m  [1m[34mSELECT "artists".* FROM "artists"[0m
  ↳ app/controllers/api/v1/artists_controller.rb:10:in `index'
Completed 200 OK in 15ms (Views: 7.5ms | ActiveRecord: 3.9ms | Allocations: 4280)


Processing by Api::V1::RecordsController#index as HTML
  [1m[36mUser Load (0.4ms)[0m  [1m[34mSELECT "users".* FROM "users" WHERE "users"."id" = $1 LIMIT $2[0m  [["id", 4], ["LIMIT", 1]]
  ↳ app/controllers/application_controller.rb:8:in `current_user'
  [1m[36mRecord Load (0.7ms)[0m  [1m[34mSELECT "records".* FROM "records" WHERE "records"."user_id" = $1[0m  [["user_id", 4]]
  ↳ app/controllers/api/v1/records_controller.rb:10:in `index'
Completed 200 OK in 22ms (Views: 2.5ms | ActiveRecord: 5.9ms | Allocations: 7111)


Started DELETE "/signin" for 127.0.0.1 at 2021-05-10 02:43:08 -0400
Processing by SigninController#destroy as HTML
Completed 200 OK in 4ms (Views: 0.2ms | ActiveRecord: 0.0ms | Allocations: 1024)


Started POST "/signin" for 127.0.0.1 at 2021-05-10 02:43:13 -0400
Processing by SigninController#create as HTML
  Parameters: {"email"=>"justinanmoreno@gmail.com", "password"=>"[FILTERED]", "signin"=>{"email"=>"justinanmoreno@gmail.com", "password"=>"[FILTERED]"}}
  [1m[36mUser Load (0.4ms)[0m  [1m[34mSELECT "users".* FROM "users" WHERE "users"."email" = $1 LIMIT $2[0m  [["email", "justinanmoreno@gmail.com"], ["LIMIT", 1]]
  ↳ app/controllers/signin_controller.rb:8:in `create'
Completed 200 OK in 198ms (Views: 0.2ms | ActiveRecord: 0.4ms | Allocations: 1300)


Started GET "/api/v1/records" for 127.0.0.1 at 2021-05-10 02:43:13 -0400
Started GET "/api/v1/artists" for 127.0.0.1 at 2021-05-10 02:43:13 -0400
Processing by Api::V1::RecordsController#index as HTML
Processing by Api::V1::ArtistsController#index as HTML
  [1m[36mUser Load (1.9ms)[0m  [1m[34mSELECT "users".* FROM "users" WHERE "users"."id" = $1 LIMIT $2[0m  [["id", 4], ["LIMIT", 1]]
  ↳ app/controllers/application_controller.rb:8:in `current_user'
  [1m[36mArtist Load (1.7ms)[0m  [1m[34mSELECT "artists".* FROM "artists"[0m
  [1m[36mRecord Load (0.6ms)[0m  [1m[34mSELECT "records".* FROM "records" WHERE "records"."user_id" = $1[0m  [["user_id", 4]]
  ↳ app/controllers/api/v1/artists_controller.rb:10:in `index'
  ↳ app/controllers/api/v1/records_controller.rb:10:in `index'
Completed 200 OK in 14ms (Views: 3.5ms | ActiveRecord: 2.6ms | Allocations: 4357)


Completed 200 OK in 18ms (Views: 9.8ms | ActiveRecord: 5.5ms | Allocations: 5509)


Started GET "/api/v1/artists" for 127.0.0.1 at 2021-05-10 02:43:19 -0400
Started GET "/api/v1/records" for 127.0.0.1 at 2021-05-10 02:43:19 -0400
Processing by Api::V1::RecordsController#index as HTML
Processing by Api::V1::ArtistsController#index as HTML
  [1m[36mUser Load (1.4ms)[0m  [1m[34mSELECT "users".* FROM "users" WHERE "users"."id" = $1 LIMIT $2[0m  [["id", 4], ["LIMIT", 1]]
  ↳ app/controllers/application_controller.rb:8:in `current_user'
  [1m[36mArtist Load (2.1ms)[0m  [1m[34mSELECT "artists".* FROM "artists"[0m
  ↳ app/controllers/api/v1/artists_controller.rb:10:in `index'
Completed 200 OK in 6ms (Views: 3.7ms | ActiveRecord: 2.1ms | Allocations: 1469)


  [1m[36mRecord Load (0.4ms)[0m  [1m[34mSELECT "records".* FROM "records" WHERE "records"."user_id" = $1[0m  [["user_id", 4]]
  ↳ app/controllers/api/v1/records_controller.rb:10:in `index'
Completed 200 OK in 13ms (Views: 6.1ms | ActiveRecord: 1.7ms | Allocations: 3048)


Started GET "/api/v1/artists" for 127.0.0.1 at 2021-05-10 02:43:20 -0400
Processing by Api::V1::ArtistsController#index as HTML
  [1m[36mArtist Load (0.3ms)[0m  [1m[34mSELECT "artists".* FROM "artists"[0m
  ↳ app/controllers/api/v1/artists_controller.rb:10:in `index'
Completed 200 OK in 5ms (Views: 4.1ms | ActiveRecord: 0.3ms | Allocations: 893)


Started DELETE "/api/v1/artists/5" for 127.0.0.1 at 2021-05-10 02:43:24 -0400
Processing by Api::V1::ArtistsController#destroy as HTML
  Parameters: {"id"=>"5"}
  [1m[36mArtist Load (0.2ms)[0m  [1m[34mSELECT "artists".* FROM "artists" WHERE "artists"."id" = $1 LIMIT $2[0m  [["id", 5], ["LIMIT", 1]]
  ↳ app/controllers/api/v1/artists_controller.rb:41:in `set_artist'
  [1m[36mTRANSACTION (0.1ms)[0m  [1m[35mBEGIN[0m
  ↳ app/controllers/api/v1/artists_controller.rb:36:in `destroy'
  [1m[36mRecord Load (0.4ms)[0m  [1m[34mSELECT "records".* FROM "records" WHERE "records"."artist_id" = $1[0m  [["artist_id", 5]]
  ↳ app/controllers/api/v1/artists_controller.rb:36:in `destroy'
  [1m[36mArtist Destroy (0.9ms)[0m  [1m[31mDELETE FROM "artists" WHERE "artists"."id" = $1[0m  [["id", 5]]
  ↳ app/controllers/api/v1/artists_controller.rb:36:in `destroy'
  [1m[36mTRANSACTION (7.5ms)[0m  [1m[35mCOMMIT[0m
  ↳ app/controllers/api/v1/artists_controller.rb:36:in `destroy'
Completed 204 No Content in 20ms (ActiveRecord: 9.0ms | Allocations: 3649)


Started DELETE "/api/v1/artists/6" for 127.0.0.1 at 2021-05-10 02:43:25 -0400
Processing by Api::V1::ArtistsController#destroy as HTML
  Parameters: {"id"=>"6"}
  [1m[36mArtist Load (0.3ms)[0m  [1m[34mSELECT "artists".* FROM "artists" WHERE "artists"."id" = $1 LIMIT $2[0m  [["id", 6], ["LIMIT", 1]]
  ↳ app/controllers/api/v1/artists_controller.rb:41:in `set_artist'
  [1m[36mTRANSACTION (0.1ms)[0m  [1m[35mBEGIN[0m
  ↳ app/controllers/api/v1/artists_controller.rb:36:in `destroy'
  [1m[36mRecord Load (0.3ms)[0m  [1m[34mSELECT "records".* FROM "records" WHERE "records"."artist_id" = $1[0m  [["artist_id", 6]]
  ↳ app/controllers/api/v1/artists_controller.rb:36:in `destroy'
  [1m[36mArtist Destroy (0.4ms)[0m  [1m[31mDELETE FROM "artists" WHERE "artists"."id" = $1[0m  [["id", 6]]
  ↳ app/controllers/api/v1/artists_controller.rb:36:in `destroy'
  [1m[36mTRANSACTION (4.7ms)[0m  [1m[35mCOMMIT[0m
  ↳ app/controllers/api/v1/artists_controller.rb:36:in `destroy'
Completed 204 No Content in 14ms (ActiveRecord: 5.8ms | Allocations: 3011)


Started GET "/api/v1/artists" for 127.0.0.1 at 2021-05-10 03:01:14 -0400
  [1m[35m (0.8ms)[0m  [1m[34mSELECT "schema_migrations"."version" FROM "schema_migrations" ORDER BY "schema_migrations"."version" ASC[0m
Processing by Api::V1::ArtistsController#index as HTML
  [1m[36mArtist Load (0.9ms)[0m  [1m[34mSELECT "artists".* FROM "artists"[0m
  ↳ app/controllers/api/v1/artists_controller.rb:10:in `index'
Completed 200 OK in 20ms (Views: 7.5ms | ActiveRecord: 4.2ms | Allocations: 7577)


Started PATCH "/api/v1/artists/3" for 127.0.0.1 at 2021-05-10 03:01:23 -0400
Processing by Api::V1::ArtistsController#update as HTML
  Parameters: {"artist"=>{"title"=>"Jay Hova"}, "id"=>"3"}
  [1m[36mArtist Load (0.4ms)[0m  [1m[34mSELECT "artists".* FROM "artists" WHERE "artists"."id" = $1 LIMIT $2[0m  [["id", 3], ["LIMIT", 1]]
  ↳ app/controllers/api/v1/artists_controller.rb:41:in `set_artist'
[31mUnpermitted parameter: :title[0m
Completed 200 OK in 11ms (Views: 0.7ms | ActiveRecord: 0.6ms | Allocations: 3356)


Started GET "/api/v1/artists" for 127.0.0.1 at 2021-05-10 03:01:26 -0400
Processing by Api::V1::ArtistsController#index as HTML
  [1m[36mArtist Load (0.2ms)[0m  [1m[34mSELECT "artists".* FROM "artists"[0m
  ↳ app/controllers/api/v1/artists_controller.rb:10:in `index'
Completed 200 OK in 3ms (Views: 1.8ms | ActiveRecord: 0.2ms | Allocations: 758)


Started GET "/api/v1/artists" for 127.0.0.1 at 2021-05-10 03:02:06 -0400
Processing by Api::V1::ArtistsController#index as HTML
  [1m[36mArtist Load (0.5ms)[0m  [1m[34mSELECT "artists".* FROM "artists"[0m
  ↳ app/controllers/api/v1/artists_controller.rb:10:in `index'
Completed 200 OK in 4ms (Views: 2.9ms | ActiveRecord: 0.5ms | Allocations: 749)


Started GET "/api/v1/artists" for 127.0.0.1 at 2021-05-10 03:02:14 -0400
Processing by Api::V1::ArtistsController#index as HTML
  [1m[36mArtist Load (0.4ms)[0m  [1m[34mSELECT "artists".* FROM "artists"[0m
  ↳ app/controllers/api/v1/artists_controller.rb:10:in `index'
Completed 200 OK in 4ms (Views: 3.2ms | ActiveRecord: 0.4ms | Allocations: 732)


Started PATCH "/api/v1/artists/3" for 127.0.0.1 at 2021-05-10 03:02:22 -0400
Processing by Api::V1::ArtistsController#update as HTML
  Parameters: {"artist"=>{"name"=>"Jay Hova"}, "id"=>"3"}
  [1m[36mArtist Load (0.3ms)[0m  [1m[34mSELECT "artists".* FROM "artists" WHERE "artists"."id" = $1 LIMIT $2[0m  [["id", 3], ["LIMIT", 1]]
  ↳ app/controllers/api/v1/artists_controller.rb:41:in `set_artist'
  [1m[36mTRANSACTION (0.2ms)[0m  [1m[35mBEGIN[0m
  ↳ app/controllers/api/v1/artists_controller.rb:28:in `update'
  [1m[36mArtist Update (0.7ms)[0m  [1m[33mUPDATE "artists" SET "name" = $1, "updated_at" = $2 WHERE "artists"."id" = $3[0m  [["name", "Jay Hova"], ["updated_at", "2021-05-10 07:02:22.059016"], ["id", 3]]
  ↳ app/controllers/api/v1/artists_controller.rb:28:in `update'
  [1m[36mTRANSACTION (97.3ms)[0m  [1m[35mCOMMIT[0m
  ↳ app/controllers/api/v1/artists_controller.rb:28:in `update'
Completed 200 OK in 110ms (Views: 0.6ms | ActiveRecord: 98.5ms | Allocations: 3214)


Started GET "/api/v1/artists" for 127.0.0.1 at 2021-05-10 03:02:25 -0400
Processing by Api::V1::ArtistsController#index as HTML
  [1m[36mArtist Load (0.3ms)[0m  [1m[34mSELECT "artists".* FROM "artists"[0m
  ↳ app/controllers/api/v1/artists_controller.rb:10:in `index'
Completed 200 OK in 4ms (Views: 3.0ms | ActiveRecord: 0.3ms | Allocations: 732)


Started DELETE "/signin" for 127.0.0.1 at 2021-05-10 03:04:39 -0400
Processing by SigninController#destroy as HTML
Completed 200 OK in 2ms (Views: 0.2ms | ActiveRecord: 0.0ms | Allocations: 1058)


Started POST "/signin" for 127.0.0.1 at 2021-05-10 03:08:14 -0400
Processing by SigninController#create as HTML
  Parameters: {"email"=>"jamoreno97@gmail.com", "password"=>"[FILTERED]", "signin"=>{"email"=>"jamoreno97@gmail.com", "password"=>"[FILTERED]"}}
  [1m[36mUser Load (0.5ms)[0m  [1m[34mSELECT "users".* FROM "users" WHERE "users"."email" = $1 LIMIT $2[0m  [["email", "jamoreno97@gmail.com"], ["LIMIT", 1]]
  ↳ app/controllers/signin_controller.rb:8:in `create'
Completed 200 OK in 225ms (Views: 0.2ms | ActiveRecord: 11.1ms | Allocations: 8212)


Started GET "/api/v1/records" for 127.0.0.1 at 2021-05-10 03:08:15 -0400
Processing by Api::V1::RecordsController#index as HTML
  [1m[36mUser Load (0.3ms)[0m  [1m[34mSELECT "users".* FROM "users" WHERE "users"."id" = $1 LIMIT $2[0m  [["id", 2], ["LIMIT", 1]]
Started GET "/api/v1/artists" for 127.0.0.1 at 2021-05-10 03:08:15 -0400
  ↳ app/controllers/application_controller.rb:8:in `current_user'
Processing by Api::V1::ArtistsController#index as HTML
  [1m[36mRecord Load (0.7ms)[0m  [1m[34mSELECT "records".* FROM "records" WHERE "records"."user_id" = $1[0m  [["user_id", 2]]
  ↳ app/controllers/api/v1/records_controller.rb:10:in `index'
Completed 200 OK in 21ms (Views: 2.9ms | ActiveRecord: 2.8ms | Allocations: 6992)


  [1m[36mArtist Load (0.6ms)[0m  [1m[34mSELECT "artists".* FROM "artists"[0m
  ↳ app/controllers/api/v1/artists_controller.rb:10:in `index'
Completed 200 OK in 18ms (Views: 9.6ms | ActiveRecord: 7.9ms | Allocations: 3836)


Started GET "/api/v1/records" for 127.0.0.1 at 2021-05-10 03:08:19 -0400
Processing by Api::V1::RecordsController#index as HTML
Started GET "/api/v1/artists" for 127.0.0.1 at 2021-05-10 03:08:19 -0400
Processing by Api::V1::ArtistsController#index as HTML
  [1m[36mArtist Load (0.6ms)[0m  [1m[34mSELECT "artists".* FROM "artists"[0m
  ↳ app/controllers/api/v1/artists_controller.rb:10:in `index'
Completed 200 OK in 4ms (Views: 2.9ms | ActiveRecord: 0.6ms | Allocations: 775)


  [1m[36mUser Load (0.7ms)[0m  [1m[34mSELECT "users".* FROM "users" WHERE "users"."id" = $1 LIMIT $2[0m  [["id", 2], ["LIMIT", 1]]
  ↳ app/controllers/application_controller.rb:8:in `current_user'
  [1m[36mRecord Load (0.6ms)[0m  [1m[34mSELECT "records".* FROM "records" WHERE "records"."user_id" = $1[0m  [["user_id", 2]]
  ↳ app/controllers/api/v1/records_controller.rb:10:in `index'
Completed 200 OK in 16ms (Views: 2.7ms | ActiveRecord: 2.3ms | Allocations: 3282)


Started GET "/api/v1/artists" for 127.0.0.1 at 2021-05-10 03:08:21 -0400
Processing by Api::V1::ArtistsController#index as HTML
  [1m[36mArtist Load (0.3ms)[0m  [1m[34mSELECT "artists".* FROM "artists"[0m
  ↳ app/controllers/api/v1/artists_controller.rb:10:in `index'
Completed 200 OK in 4ms (Views: 3.0ms | ActiveRecord: 0.3ms | Allocations: 732)


Started GET "/api/v1/artists" for 127.0.0.1 at 2021-05-10 03:09:48 -0400
Processing by Api::V1::ArtistsController#index as HTML
  [1m[36mArtist Load (0.5ms)[0m  [1m[34mSELECT "artists".* FROM "artists"[0m
  ↳ app/controllers/api/v1/artists_controller.rb:10:in `index'
Completed 200 OK in 3ms (Views: 2.4ms | ActiveRecord: 0.5ms | Allocations: 732)


Started GET "/api/v1/artists" for 127.0.0.1 at 2021-05-10 03:26:07 -0400
  [1m[35m (1.1ms)[0m  [1m[34mSELECT "schema_migrations"."version" FROM "schema_migrations" ORDER BY "schema_migrations"."version" ASC[0m
Processing by Api::V1::ArtistsController#index as HTML
  [1m[36mArtist Load (0.8ms)[0m  [1m[34mSELECT "artists".* FROM "artists"[0m
  ↳ app/controllers/api/v1/artists_controller.rb:10:in `index'
Completed 200 OK in 27ms (Views: 10.5ms | ActiveRecord: 7.0ms | Allocations: 7577)


Started POST "/api/v1/artists/" for 127.0.0.1 at 2021-05-10 03:26:15 -0400
Processing by Api::V1::ArtistsController#create as HTML
  Parameters: {"artist"=>{"name"=>"Mommy Dearest"}}
  [1m[36mTRANSACTION (0.2ms)[0m  [1m[35mBEGIN[0m
  ↳ app/controllers/api/v1/artists_controller.rb:20:in `create'
  [1m[36mArtist Create (0.7ms)[0m  [1m[32mINSERT INTO "artists" ("name", "created_at", "updated_at") VALUES ($1, $2, $3) RETURNING "id"[0m  [["name", "Mommy Dearest"], ["created_at", "2021-05-10 07:26:15.342422"], ["updated_at", "2021-05-10 07:26:15.342422"]]
  ↳ app/controllers/api/v1/artists_controller.rb:20:in `create'
  [1m[36mTRANSACTION (9.1ms)[0m  [1m[35mCOMMIT[0m
  ↳ app/controllers/api/v1/artists_controller.rb:20:in `create'
Completed 201 Created in 21ms (Views: 0.6ms | ActiveRecord: 9.9ms | Allocations: 3861)


Started DELETE "/api/v1/artists/7" for 127.0.0.1 at 2021-05-10 03:26:18 -0400
Processing by Api::V1::ArtistsController#destroy as HTML
  Parameters: {"id"=>"7"}
  [1m[36mArtist Load (0.4ms)[0m  [1m[34mSELECT "artists".* FROM "artists" WHERE "artists"."id" = $1 LIMIT $2[0m  [["id", 7], ["LIMIT", 1]]
  ↳ app/controllers/api/v1/artists_controller.rb:41:in `set_artist'
  [1m[36mTRANSACTION (0.2ms)[0m  [1m[35mBEGIN[0m
  ↳ app/controllers/api/v1/artists_controller.rb:36:in `destroy'
  [1m[36mRecord Load (0.5ms)[0m  [1m[34mSELECT "records".* FROM "records" WHERE "records"."artist_id" = $1[0m  [["artist_id", 7]]
  ↳ app/controllers/api/v1/artists_controller.rb:36:in `destroy'
  [1m[36mArtist Destroy (0.9ms)[0m  [1m[31mDELETE FROM "artists" WHERE "artists"."id" = $1[0m  [["id", 7]]
  ↳ app/controllers/api/v1/artists_controller.rb:36:in `destroy'
  [1m[36mTRANSACTION (35.4ms)[0m  [1m[35mCOMMIT[0m
  ↳ app/controllers/api/v1/artists_controller.rb:36:in `destroy'
Completed 204 No Content in 62ms (ActiveRecord: 39.8ms | Allocations: 7859)


Started DELETE "/api/v1/artists/3" for 127.0.0.1 at 2021-05-10 03:26:19 -0400
Processing by Api::V1::ArtistsController#destroy as HTML
  Parameters: {"id"=>"3"}
  [1m[36mArtist Load (0.4ms)[0m  [1m[34mSELECT "artists".* FROM "artists" WHERE "artists"."id" = $1 LIMIT $2[0m  [["id", 3], ["LIMIT", 1]]
  ↳ app/controllers/api/v1/artists_controller.rb:41:in `set_artist'
  [1m[36mTRANSACTION (0.2ms)[0m  [1m[35mBEGIN[0m
  ↳ app/controllers/api/v1/artists_controller.rb:36:in `destroy'
  [1m[36mRecord Load (0.5ms)[0m  [1m[34mSELECT "records".* FROM "records" WHERE "records"."artist_id" = $1[0m  [["artist_id", 3]]
  ↳ app/controllers/api/v1/artists_controller.rb:36:in `destroy'
  [1m[36mArtist Destroy (1.0ms)[0m  [1m[31mDELETE FROM "artists" WHERE "artists"."id" = $1[0m  [["id", 3]]
  ↳ app/controllers/api/v1/artists_controller.rb:36:in `destroy'
  [1m[36mTRANSACTION (42.2ms)[0m  [1m[35mCOMMIT[0m
  ↳ app/controllers/api/v1/artists_controller.rb:36:in `destroy'
Completed 204 No Content in 55ms (ActiveRecord: 44.3ms | Allocations: 3146)


Started GET "/api/v1/artists" for 127.0.0.1 at 2021-05-10 03:39:18 -0400
  [1m[35m (0.9ms)[0m  [1m[34mSELECT "schema_migrations"."version" FROM "schema_migrations" ORDER BY "schema_migrations"."version" ASC[0m
Processing by Api::V1::ArtistsController#index as HTML
  [1m[36mArtist Load (0.6ms)[0m  [1m[34mSELECT "artists".* FROM "artists"[0m
  ↳ app/controllers/api/v1/artists_controller.rb:10:in `index'
Completed 200 OK in 9ms (Views: 1.9ms | ActiveRecord: 0.6ms | Allocations: 5154)


Started GET "/api/v1/artists" for 127.0.0.1 at 2021-05-10 03:39:25 -0400
Processing by Api::V1::ArtistsController#index as HTML
  [1m[36mArtist Load (0.4ms)[0m  [1m[34mSELECT "artists".* FROM "artists"[0m
  ↳ app/controllers/api/v1/artists_controller.rb:10:in `index'
Completed 200 OK in 4ms (Views: 2.7ms | ActiveRecord: 0.4ms | Allocations: 691)


Started POST "/api/v1/artists/" for 127.0.0.1 at 2021-05-10 03:39:31 -0400
Processing by Api::V1::ArtistsController#create as HTML
  Parameters: {"artist"=>{"name"=>"ABC Mouse"}}
  [1m[36mTRANSACTION (0.1ms)[0m  [1m[35mBEGIN[0m
  ↳ app/controllers/api/v1/artists_controller.rb:20:in `create'
  [1m[36mArtist Create (0.5ms)[0m  [1m[32mINSERT INTO "artists" ("name", "created_at", "updated_at") VALUES ($1, $2, $3) RETURNING "id"[0m  [["name", "ABC Mouse"], ["created_at", "2021-05-10 07:39:31.141959"], ["updated_at", "2021-05-10 07:39:31.141959"]]
  ↳ app/controllers/api/v1/artists_controller.rb:20:in `create'
  [1m[36mTRANSACTION (10.0ms)[0m  [1m[35mCOMMIT[0m
  ↳ app/controllers/api/v1/artists_controller.rb:20:in `create'
Completed 201 Created in 25ms (Views: 0.4ms | ActiveRecord: 13.0ms | Allocations: 6141)


